2025-10-29 20:42:03,786 INFO     xestools             [main.py:307] Logging initialized. Log file: /mnt/media_hermes/Work/i20xes/logs/xestools_20251029_204203.log
2025-10-29 20:42:03,786 INFO     xestools             [main.py:308] Error log file: /mnt/media_hermes/Work/i20xes/logs/xestools_errors_20251029_204203.log
2025-10-29 20:42:03,786 INFO     xestools             [main.py:422] ============================================================
2025-10-29 20:42:03,787 INFO     xestools             [main.py:423] XES Tools Enhanced Startup
2025-10-29 20:42:03,787 INFO     xestools             [main.py:424] ============================================================
2025-10-29 20:42:03,787 INFO     xestools             [main.py:427] Python version: 3.12.12 | packaged by conda-forge | (main, Oct 22 2025, 23:25:55) [GCC 14.3.0]
2025-10-29 20:42:03,789 INFO     xestools             [main.py:428] Platform: Linux-6.1.0-40-amd64-x86_64-with-glibc2.36
2025-10-29 20:42:03,793 INFO     xestools             [main.py:429] Architecture: 64bit
2025-10-29 20:42:03,793 INFO     xestools             [main.py:430] Processor: 
2025-10-29 20:42:03,793 INFO     xestools             [main.py:431] Working directory: /mnt/media_hermes/Work/i20xes
2025-10-29 20:42:03,793 INFO     xestools             [main.py:442] Memory info: psutil not available
2025-10-29 20:42:03,793 INFO     xestools             [main.py:445] PYTHONPATH: Not set
2025-10-29 20:42:03,793 INFO     xestools             [main.py:446] Qt platform: default
2025-10-29 20:42:03,834 INFO     xestools             [main.py:453] ✓ PySide6 available
2025-10-29 20:42:03,883 INFO     xestools             [main.py:453] ✓ numpy available
2025-10-29 20:42:03,905 INFO     xestools             [main.py:453] ✓ h5py available
2025-10-29 20:42:03,970 INFO     xestools             [main.py:453] ✓ matplotlib available
2025-10-29 20:42:04,376 INFO     xestools             [main.py:453] ✓ lmfit available
2025-10-29 20:42:04,377 INFO     xestools             [main.py:463] ○ psutil not available (optional)
2025-10-29 20:42:04,377 INFO     xestools             [main.py:461] ✓ resource available (optional)
2025-10-29 20:42:04,377 INFO     xestools             [main.py:465] ============================================================
2025-10-29 20:42:04,377 DEBUG    xestools             [main.py:411] Registered handler for signal 15
2025-10-29 20:42:04,377 DEBUG    xestools             [main.py:411] Registered handler for signal 2
2025-10-29 20:42:04,377 DEBUG    xestools             [main.py:411] Registered handler for signal 1
2025-10-29 20:42:04,377 DEBUG    xestools             [main.py:411] Registered handler for signal 3
2025-10-29 20:42:04,377 WARNING  xestools             [main.py:78] Memory monitoring disabled: psutil not available
2025-10-29 20:42:04,377 INFO     xestools             [main.py:494] Importing Qt modules...
2025-10-29 20:42:04,408 INFO     xestools             [main.py:527] Creating Qt application...
2025-10-29 20:42:05,426 INFO     xestools             [main.py:535] Importing main window...
2025-10-29 20:42:05,780 INFO     xestools             [main.py:543] Creating main window...
2025-10-29 20:42:05,791 CRITICAL xestools             [main.py:573] Fatal error during startup: name 'PlotWidgetClass' is not defined
Traceback (most recent call last):
  File "/mnt/media_hermes/Work/i20xes/main.py", line 544, in main
    window = MainWindow()
             ^^^^^^^^^^^^
  File "/mnt/media_hermes/Work/i20xes/i20_xes/main_gui.py", line 85, in __init__
    logger.debug(f"Creating plot widget: {PlotWidgetClass.__name__}")
                                          ^^^^^^^^^^^^^^^
NameError: name 'PlotWidgetClass' is not defined
2025-10-29 20:42:05,851 ERROR    xestools             [main.py:250] Crash report saved: /mnt/media_hermes/Work/i20xes/logs/crash_reports/crash_report_20251029_204205.json
