2025-10-29 22:04:56,570 INFO     xestools             [main.py:307] Logging initialized. Log file: /mnt/media_hermes/Work/i20xes/logs/xestools_20251029_220456.log
2025-10-29 22:04:56,570 INFO     xestools             [main.py:308] Error log file: /mnt/media_hermes/Work/i20xes/logs/xestools_errors_20251029_220456.log
2025-10-29 22:04:56,570 INFO     xestools             [main.py:422] ============================================================
2025-10-29 22:04:56,570 INFO     xestools             [main.py:423] XES Tools Enhanced Startup
2025-10-29 22:04:56,570 INFO     xestools             [main.py:424] ============================================================
2025-10-29 22:04:56,570 INFO     xestools             [main.py:427] Python version: 3.12.12 | packaged by conda-forge | (main, Oct 22 2025, 23:25:55) [GCC 14.3.0]
2025-10-29 22:04:56,573 INFO     xestools             [main.py:428] Platform: Linux-6.1.0-40-amd64-x86_64-with-glibc2.36
2025-10-29 22:04:56,577 INFO     xestools             [main.py:429] Architecture: 64bit
2025-10-29 22:04:56,577 INFO     xestools             [main.py:430] Processor: 
2025-10-29 22:04:56,577 INFO     xestools             [main.py:431] Working directory: /mnt/media_hermes/Work/i20xes
2025-10-29 22:04:56,577 INFO     xestools             [main.py:442] Memory info: psutil not available
2025-10-29 22:04:56,577 INFO     xestools             [main.py:445] PYTHONPATH: Not set
2025-10-29 22:04:56,577 INFO     xestools             [main.py:446] Qt platform: default
2025-10-29 22:04:56,618 INFO     xestools             [main.py:453] ✓ PySide6 available
2025-10-29 22:04:56,666 INFO     xestools             [main.py:453] ✓ numpy available
2025-10-29 22:04:56,688 INFO     xestools             [main.py:453] ✓ h5py available
2025-10-29 22:04:56,751 INFO     xestools             [main.py:453] ✓ matplotlib available
2025-10-29 22:04:57,109 INFO     xestools             [main.py:453] ✓ lmfit available
2025-10-29 22:04:57,109 INFO     xestools             [main.py:463] ○ psutil not available (optional)
2025-10-29 22:04:57,109 INFO     xestools             [main.py:461] ✓ resource available (optional)
2025-10-29 22:04:57,109 INFO     xestools             [main.py:465] ============================================================
2025-10-29 22:04:57,109 DEBUG    xestools             [main.py:411] Registered handler for signal 15
2025-10-29 22:04:57,109 DEBUG    xestools             [main.py:411] Registered handler for signal 2
2025-10-29 22:04:57,109 DEBUG    xestools             [main.py:411] Registered handler for signal 1
2025-10-29 22:04:57,109 DEBUG    xestools             [main.py:411] Registered handler for signal 3
2025-10-29 22:04:57,109 WARNING  xestools             [main.py:78] Memory monitoring disabled: psutil not available
2025-10-29 22:04:57,109 INFO     xestools             [main.py:494] Importing Qt modules...
2025-10-29 22:04:57,128 INFO     xestools             [main.py:527] Creating Qt application...
2025-10-29 22:04:58,145 INFO     xestools             [main.py:535] Importing main window...
2025-10-29 22:04:58,465 INFO     xestools             [main.py:543] Creating main window...
2025-10-29 22:04:58,514 INFO     xestools             [main.py:546] Showing main window...
2025-10-29 22:04:58,608 INFO     xestools             [main.py:549] Starting Qt event loop...
2025-10-29 22:05:09,085 INFO     xestools             [main.py:552] Qt application exited with code: 0
2025-10-29 22:05:09,085 INFO     xestools             [main.py:355] Initiating graceful shutdown...
2025-10-29 22:05:09,085 INFO     xestools             [main.py:93] Memory monitoring stopped. Peak memory usage: 0.0 MB
2025-10-29 22:05:09,085 INFO     xestools             [main.py:367] Application uptime: 12.5 seconds
2025-10-29 22:05:09,085 INFO     xestools             [main.py:376] Closing Qt application...
2025-10-29 22:05:09,085 INFO     xestools             [main.py:392] Shutdown complete
